mode: set
github.com/de1phin/iam/services/account/internal/service/account.go:34.29,36.41 2 1
github.com/de1phin/iam/services/account/internal/service/account.go:36.41,38.3 1 1
github.com/de1phin/iam/services/account/internal/service/account.go:39.2,39.11 1 1
github.com/de1phin/iam/services/account/internal/service/account.go:42.83,43.6 1 1
github.com/de1phin/iam/services/account/internal/service/account.go:43.6,44.10 1 1
github.com/de1phin/iam/services/account/internal/service/account.go:45.21,47.24 2 0
github.com/de1phin/iam/services/account/internal/service/account.go:48.11,49.9 1 1
github.com/de1phin/iam/services/account/internal/service/account.go:52.3,54.17 3 1
github.com/de1phin/iam/services/account/internal/service/account.go:54.17,55.12 1 0
github.com/de1phin/iam/services/account/internal/service/account.go:57.3,57.45 1 1
github.com/de1phin/iam/services/account/internal/service/account.go:57.45,59.4 1 1
github.com/de1phin/iam/services/account/internal/service/account.go:60.3,60.17 1 0
github.com/de1phin/iam/services/account/internal/service/account.go:64.56,65.78 1 1
github.com/de1phin/iam/services/account/internal/service/account.go:65.78,67.3 1 1
github.com/de1phin/iam/services/account/internal/service/account.go:69.2,69.12 1 1
github.com/de1phin/iam/services/account/internal/service/account.go:72.73,73.35 1 1
github.com/de1phin/iam/services/account/internal/service/account.go:73.35,75.58 1 1
github.com/de1phin/iam/services/account/internal/service/account.go:75.58,77.4 1 1
github.com/de1phin/iam/services/account/internal/service/account.go:80.2,81.16 2 1
github.com/de1phin/iam/services/account/internal/service/account.go:81.16,83.3 1 1
github.com/de1phin/iam/services/account/internal/service/account.go:84.2,84.59 1 1
github.com/de1phin/iam/services/account/internal/service/account.go:84.59,86.3 1 0
github.com/de1phin/iam/services/account/internal/service/account.go:88.2,88.35 1 1
github.com/de1phin/iam/services/account/internal/service/account.go:91.136,96.14 4 1
github.com/de1phin/iam/services/account/internal/service/account.go:96.14,98.17 2 1
github.com/de1phin/iam/services/account/internal/service/account.go:98.17,101.4 2 0
github.com/de1phin/iam/services/account/internal/service/account.go:103.2,113.16 4 1
github.com/de1phin/iam/services/account/internal/service/account.go:113.16,115.3 1 1
github.com/de1phin/iam/services/account/internal/service/account.go:117.2,118.16 2 1
github.com/de1phin/iam/services/account/internal/service/account.go:118.16,121.3 2 0
github.com/de1phin/iam/services/account/internal/service/account.go:122.2,124.8 1 1
github.com/de1phin/iam/services/account/internal/service/account.go:127.125,131.16 3 1
github.com/de1phin/iam/services/account/internal/service/account.go:131.16,135.3 1 1
github.com/de1phin/iam/services/account/internal/service/account.go:137.2,137.44 1 1
github.com/de1phin/iam/services/account/internal/service/account.go:137.44,139.3 1 1
github.com/de1phin/iam/services/account/internal/service/account.go:141.2,142.29 2 0
github.com/de1phin/iam/services/account/internal/service/account.go:145.134,149.16 3 1
github.com/de1phin/iam/services/account/internal/service/account.go:149.16,151.3 1 1
github.com/de1phin/iam/services/account/internal/service/account.go:153.2,153.44 1 1
github.com/de1phin/iam/services/account/internal/service/account.go:153.44,155.3 1 1
github.com/de1phin/iam/services/account/internal/service/account.go:157.2,158.29 2 0
github.com/de1phin/iam/services/account/internal/service/account.go:161.89,163.59 2 1
github.com/de1phin/iam/services/account/internal/service/account.go:163.59,165.3 1 1
github.com/de1phin/iam/services/account/internal/service/account.go:166.2,166.59 1 1
github.com/de1phin/iam/services/account/internal/service/account.go:166.59,168.3 1 1
github.com/de1phin/iam/services/account/internal/service/account.go:169.2,169.12 1 1
github.com/de1phin/iam/services/account/internal/service/account.go:172.134,178.44 3 1
github.com/de1phin/iam/services/account/internal/service/account.go:178.44,180.3 1 1
github.com/de1phin/iam/services/account/internal/service/account.go:181.2,181.16 1 1
github.com/de1phin/iam/services/account/internal/service/account.go:181.16,184.3 2 0
github.com/de1phin/iam/services/account/internal/service/account.go:186.2,187.16 2 1
github.com/de1phin/iam/services/account/internal/service/account.go:187.16,189.3 1 0
github.com/de1phin/iam/services/account/internal/service/account.go:191.2,192.16 2 1
github.com/de1phin/iam/services/account/internal/service/account.go:192.16,194.3 1 1
github.com/de1phin/iam/services/account/internal/service/account.go:196.2,197.16 2 1
github.com/de1phin/iam/services/account/internal/service/account.go:197.16,200.3 2 0
github.com/de1phin/iam/services/account/internal/service/account.go:202.2,204.8 1 1
github.com/de1phin/iam/services/account/internal/service/account.go:207.149,211.16 3 0
github.com/de1phin/iam/services/account/internal/service/account.go:211.16,214.3 2 0
github.com/de1phin/iam/services/account/internal/service/account.go:215.2,217.16 3 0
github.com/de1phin/iam/services/account/internal/service/account.go:217.16,218.45 1 0
github.com/de1phin/iam/services/account/internal/service/account.go:218.45,220.4 1 0
github.com/de1phin/iam/services/account/internal/service/account.go:222.3,223.30 2 0
github.com/de1phin/iam/services/account/internal/service/account.go:226.2,228.8 1 0
github.com/de1phin/iam/services/account/internal/service/account_service.go:20.67,23.27 2 1
github.com/de1phin/iam/services/account/internal/service/account_service.go:23.27,25.3 1 1
github.com/de1phin/iam/services/account/internal/service/account_service.go:27.2,27.26 1 1
github.com/de1phin/iam/services/account/internal/service/account_service.go:27.26,29.3 1 1
github.com/de1phin/iam/services/account/internal/service/account_service.go:31.2,31.15 1 1
github.com/de1phin/iam/services/account/internal/service/account_service.go:34.69,35.33 1 1
github.com/de1phin/iam/services/account/internal/service/account_service.go:35.33,37.3 1 1
github.com/de1phin/iam/services/account/internal/service/account_service.go:40.67,41.33 1 1
github.com/de1phin/iam/services/account/internal/service/account_service.go:41.33,43.3 1 1
github.com/de1phin/iam/services/account/internal/service/account_service.go:46.46,47.34 1 0
github.com/de1phin/iam/services/account/internal/service/account_service.go:47.34,49.3 1 0
github.com/de1phin/iam/services/account/internal/service/errors.go:10.52,12.2 1 1
github.com/de1phin/iam/services/account/internal/service/errors.go:14.44,16.2 1 1
github.com/de1phin/iam/services/account/internal/service/errors.go:18.28,20.2 1 0
github.com/de1phin/iam/services/account/internal/service/errors.go:22.43,24.2 1 1
github.com/de1phin/iam/services/account/internal/service/ssh_key.go:17.50,19.2 1 1
github.com/de1phin/iam/services/account/internal/service/ssh_key.go:21.131,25.44 3 1
github.com/de1phin/iam/services/account/internal/service/ssh_key.go:25.44,27.3 1 1
github.com/de1phin/iam/services/account/internal/service/ssh_key.go:28.2,28.16 1 1
github.com/de1phin/iam/services/account/internal/service/ssh_key.go:28.16,31.3 2 0
github.com/de1phin/iam/services/account/internal/service/ssh_key.go:33.2,34.16 2 1
github.com/de1phin/iam/services/account/internal/service/ssh_key.go:34.16,37.3 2 1
github.com/de1phin/iam/services/account/internal/service/ssh_key.go:39.2,44.16 4 1
github.com/de1phin/iam/services/account/internal/service/ssh_key.go:44.16,46.3 1 1
github.com/de1phin/iam/services/account/internal/service/ssh_key.go:47.2,47.59 1 1
github.com/de1phin/iam/services/account/internal/service/ssh_key.go:47.59,50.3 2 0
github.com/de1phin/iam/services/account/internal/service/ssh_key.go:52.2,59.49 3 1
github.com/de1phin/iam/services/account/internal/service/ssh_key.go:59.49,61.3 1 0
github.com/de1phin/iam/services/account/internal/service/ssh_key.go:62.2,62.16 1 1
github.com/de1phin/iam/services/account/internal/service/ssh_key.go:62.16,65.3 2 0
github.com/de1phin/iam/services/account/internal/service/ssh_key.go:67.2,69.8 1 1
github.com/de1phin/iam/services/account/internal/service/ssh_key.go:72.128,76.44 3 1
github.com/de1phin/iam/services/account/internal/service/ssh_key.go:76.44,78.3 1 1
github.com/de1phin/iam/services/account/internal/service/ssh_key.go:79.2,81.59 2 1
github.com/de1phin/iam/services/account/internal/service/ssh_key.go:81.59,84.3 2 0
github.com/de1phin/iam/services/account/internal/service/ssh_key.go:86.2,88.8 1 1
github.com/de1phin/iam/services/account/internal/service/ssh_key.go:91.131,97.44 3 1
github.com/de1phin/iam/services/account/internal/service/ssh_key.go:97.44,99.3 1 1
github.com/de1phin/iam/services/account/internal/service/ssh_key.go:100.2,100.16 1 1
github.com/de1phin/iam/services/account/internal/service/ssh_key.go:100.16,103.3 2 0
github.com/de1phin/iam/services/account/internal/service/ssh_key.go:105.2,105.45 1 1
